[2023-10-05 12:27:20,868] multiqc                                            [DEBUG  ]  This is MultiQC v1.14 (aa2a77b)
[2023-10-05 12:27:20,868] multiqc                                            [DEBUG  ]  Command used: /opt/homebrew/Caskroom/miniconda/base/envs/multiqc/bin/multiqc --pdf --force --export -n multiqc_report ../00_fastqc/Ctrl_1_1_fastqc.zip ../00_fastqc/Ctrl_1_2_fastqc.zip ../00_fastqc/Ctrl_2_1_fastqc.zip ../00_fastqc/Ctrl_2_2_fastqc.zip ../00_fastqc/O1O2_KO_1_1_fastqc.zip ../00_fastqc/O1O2_KO_1_2_fastqc.zip ../00_fastqc/O1O2_KO_2_1_fastqc.zip ../00_fastqc/O1O2_KO_2_2_fastqc.zip ../00_fastqc/O1W4_KO_1_1_fastqc.zip ../00_fastqc/O1W4_KO_1_2_fastqc.zip ../00_fastqc/O1W4_KO_2_1_fastqc.zip ../00_fastqc/O1W4_KO_2_2_fastqc.zip ../00_fastqc/O1W4_OE_1_1_fastqc.zip ../00_fastqc/O1W4_OE_1_2_fastqc.zip ../00_fastqc/O1W4_OE_2_1_fastqc.zip ../00_fastqc/O1W4_OE_2_2_fastqc.zip ../00_fastqc/O1_KO_1_1_fastqc.zip ../00_fastqc/O1_KO_1_2_fastqc.zip ../00_fastqc/O1_KO_2_1_fastqc.zip ../00_fastqc/O1_KO_2_2_fastqc.zip ../00_fastqc/O1_OE_1_1_fastqc.zip ../00_fastqc/O1_OE_1_2_fastqc.zip ../00_fastqc/O1_OE_2_1_fastqc.zip ../00_fastqc/O1_OE_2_2_fastqc.zip ../00_fastqc/O2W4_KO_1_1_fastqc.zip ../00_fastqc/O2W4_KO_1_2_fastqc.zip ../00_fastqc/O2W4_KO_2_1_fastqc.zip ../00_fastqc/O2W4_KO_2_2_fastqc.zip ../00_fastqc/O2_KO_1_1_fastqc.zip ../00_fastqc/O2_KO_1_2_fastqc.zip ../00_fastqc/O2_KO_2_1_fastqc.zip ../00_fastqc/O2_KO_2_2_fastqc.zip ../00_fastqc/W4_KO_1_1_fastqc.zip ../00_fastqc/W4_KO_1_2_fastqc.zip ../00_fastqc/W4_KO_2_1_fastqc.zip ../00_fastqc/W4_KO_2_2_fastqc.zip ../00_fastqc/W4_OE_1_1_fastqc.zip ../00_fastqc/W4_OE_1_2_fastqc.zip ../00_fastqc/W4_OE_2_1_fastqc.zip ../00_fastqc/W4_OE_2_2_fastqc.zip ../01_STAR/Ctrl_1Log.final.out ../01_STAR/Ctrl_2Log.final.out ../01_STAR/O1O2_KO_1Log.final.out ../01_STAR/O1O2_KO_2Log.final.out ../01_STAR/O1W4_KO_1Log.final.out ../01_STAR/O1W4_KO_2Log.final.out ../01_STAR/O1W4_OE_1Log.final.out ../01_STAR/O1W4_OE_2Log.final.out ../01_STAR/O1_KO_1Log.final.out ../01_STAR/O1_KO_2Log.final.out ../01_STAR/O1_OE_1Log.final.out ../01_STAR/O1_OE_2Log.final.out ../01_STAR/O2W4_KO_1Log.final.out ../01_STAR/O2W4_KO_2Log.final.out ../01_STAR/O2_KO_1Log.final.out ../01_STAR/O2_KO_2Log.final.out ../01_STAR/W4_KO_1Log.final.out ../01_STAR/W4_KO_2Log.final.out ../01_STAR/W4_OE_1Log.final.out ../01_STAR/W4_OE_2Log.final.out ../02_RSEM/
[2023-10-05 12:27:21,384] multiqc                                            [WARNING]  MultiQC Version v1.16 now available!
[2023-10-05 12:27:21,386] multiqc                                            [DEBUG  ]  Working dir : /Users/qh_tan/qianhui/work/otkwnt_embryo/data/02_aligned/03_multiqc
[2023-10-05 12:27:21,386] multiqc                                            [INFO   ]  --pdf specified. Using non-interactive HTML template.
[2023-10-05 12:27:21,386] multiqc                                            [DEBUG  ]  Template    : simple
[2023-10-05 12:27:21,386] multiqc                                            [DEBUG  ]  Running Python 3.11.0 | packaged by conda-forge | (main, Jan 14 2023, 12:26:40) [Clang 14.0.6 ]
[2023-10-05 12:27:21,387] multiqc                                            [DEBUG  ]  Analysing modules: custom_content, ccs, ngsderive, purple, conpair, lima, peddy, somalier, methylQA, mosdepth, phantompeakqualtools, qualimap, preseq, hifiasm, quast, qorts, rna_seqc, rockhopper, rsem, rseqc, busco, bustools, goleft_indexcov, gffcompare, disambiguate, supernova, deeptools, sargasso, verifybamid, mirtrace, happy, mirtop, sambamba, gopeaks, homer, hops, macs2, theta2, snpeff, gatk, htseq, bcftools, featureCounts, fgbio, dragen, dragen_fastqc, dedup, pbmarkdup, damageprofiler, biobambam2, jcvi, mtnucratio, picard, vep, sentieon, prokka, qc3C, nanostat, samblaster, samtools, sexdeterrmine, eigenstratdatabasetools, bamtools, jellyfish, vcftools, longranger, stacks, varscan2, snippy, umitools, bbmap, bismark, biscuit, diamond, hicexplorer, hicup, hicpro, salmon, kallisto, slamdunk, star, hisat2, tophat, bowtie2, bowtie1, cellranger, snpsplit, odgi, pangolin, nextclade, humid, kat, leehom, adapterRemoval, bbduk, clipandmerge, cutadapt, flexbar, kaiju, kraken, malt, motus, trimmomatic, sickle, skewer, sortmerna, biobloomtools, fastq_screen, afterqc, fastp, fastqc, filtlong, prinseqplusplus, pychopper, porechop, pycoqc, minionqc, anglerfish, multivcfanalyzer, clusterflow, checkqc, bcl2fastq, bclconvert, interop, ivar, flash, seqyclean, optitype, whatshap
[2023-10-05 12:27:21,388] multiqc                                            [DEBUG  ]  Using temporary directory for creating report: /var/folders/26/_c85yjr54yj9ss9hbygkdll00000gq/T/tmptk8w902p
[2023-10-05 12:27:21,443] multiqc                                            [INFO   ]  Search path : /Users/qh_tan/qianhui/work/otkwnt_embryo/data/02_aligned/00_fastqc/Ctrl_1_1_fastqc.zip
[2023-10-05 12:27:21,443] multiqc                                            [INFO   ]  Search path : /Users/qh_tan/qianhui/work/otkwnt_embryo/data/02_aligned/00_fastqc/Ctrl_1_2_fastqc.zip
[2023-10-05 12:27:21,443] multiqc                                            [INFO   ]  Search path : /Users/qh_tan/qianhui/work/otkwnt_embryo/data/02_aligned/00_fastqc/Ctrl_2_1_fastqc.zip
[2023-10-05 12:27:21,443] multiqc                                            [INFO   ]  Search path : /Users/qh_tan/qianhui/work/otkwnt_embryo/data/02_aligned/00_fastqc/Ctrl_2_2_fastqc.zip
[2023-10-05 12:27:21,443] multiqc                                            [INFO   ]  Search path : /Users/qh_tan/qianhui/work/otkwnt_embryo/data/02_aligned/00_fastqc/O1O2_KO_1_1_fastqc.zip
[2023-10-05 12:27:21,444] multiqc                                            [INFO   ]  Search path : /Users/qh_tan/qianhui/work/otkwnt_embryo/data/02_aligned/00_fastqc/O1O2_KO_1_2_fastqc.zip
[2023-10-05 12:27:21,444] multiqc                                            [INFO   ]  Search path : /Users/qh_tan/qianhui/work/otkwnt_embryo/data/02_aligned/00_fastqc/O1O2_KO_2_1_fastqc.zip
[2023-10-05 12:27:21,444] multiqc                                            [INFO   ]  Search path : /Users/qh_tan/qianhui/work/otkwnt_embryo/data/02_aligned/00_fastqc/O1O2_KO_2_2_fastqc.zip
[2023-10-05 12:27:21,444] multiqc                                            [INFO   ]  Search path : /Users/qh_tan/qianhui/work/otkwnt_embryo/data/02_aligned/00_fastqc/O1W4_KO_1_1_fastqc.zip
[2023-10-05 12:27:21,444] multiqc                                            [INFO   ]  Search path : /Users/qh_tan/qianhui/work/otkwnt_embryo/data/02_aligned/00_fastqc/O1W4_KO_1_2_fastqc.zip
[2023-10-05 12:27:21,444] multiqc                                            [INFO   ]  Search path : /Users/qh_tan/qianhui/work/otkwnt_embryo/data/02_aligned/00_fastqc/O1W4_KO_2_1_fastqc.zip
[2023-10-05 12:27:21,444] multiqc                                            [INFO   ]  Search path : /Users/qh_tan/qianhui/work/otkwnt_embryo/data/02_aligned/00_fastqc/O1W4_KO_2_2_fastqc.zip
[2023-10-05 12:27:21,444] multiqc                                            [INFO   ]  Search path : /Users/qh_tan/qianhui/work/otkwnt_embryo/data/02_aligned/00_fastqc/O1W4_OE_1_1_fastqc.zip
[2023-10-05 12:27:21,444] multiqc                                            [INFO   ]  Search path : /Users/qh_tan/qianhui/work/otkwnt_embryo/data/02_aligned/00_fastqc/O1W4_OE_1_2_fastqc.zip
[2023-10-05 12:27:21,445] multiqc                                            [INFO   ]  Search path : /Users/qh_tan/qianhui/work/otkwnt_embryo/data/02_aligned/00_fastqc/O1W4_OE_2_1_fastqc.zip
[2023-10-05 12:27:21,445] multiqc                                            [INFO   ]  Search path : /Users/qh_tan/qianhui/work/otkwnt_embryo/data/02_aligned/00_fastqc/O1W4_OE_2_2_fastqc.zip
[2023-10-05 12:27:21,445] multiqc                                            [INFO   ]  Search path : /Users/qh_tan/qianhui/work/otkwnt_embryo/data/02_aligned/00_fastqc/O1_KO_1_1_fastqc.zip
[2023-10-05 12:27:21,445] multiqc                                            [INFO   ]  Search path : /Users/qh_tan/qianhui/work/otkwnt_embryo/data/02_aligned/00_fastqc/O1_KO_1_2_fastqc.zip
[2023-10-05 12:27:21,445] multiqc                                            [INFO   ]  Search path : /Users/qh_tan/qianhui/work/otkwnt_embryo/data/02_aligned/00_fastqc/O1_KO_2_1_fastqc.zip
[2023-10-05 12:27:21,445] multiqc                                            [INFO   ]  Search path : /Users/qh_tan/qianhui/work/otkwnt_embryo/data/02_aligned/00_fastqc/O1_KO_2_2_fastqc.zip
[2023-10-05 12:27:21,445] multiqc                                            [INFO   ]  Search path : /Users/qh_tan/qianhui/work/otkwnt_embryo/data/02_aligned/00_fastqc/O1_OE_1_1_fastqc.zip
[2023-10-05 12:27:21,445] multiqc                                            [INFO   ]  Search path : /Users/qh_tan/qianhui/work/otkwnt_embryo/data/02_aligned/00_fastqc/O1_OE_1_2_fastqc.zip
[2023-10-05 12:27:21,445] multiqc                                            [INFO   ]  Search path : /Users/qh_tan/qianhui/work/otkwnt_embryo/data/02_aligned/00_fastqc/O1_OE_2_1_fastqc.zip
[2023-10-05 12:27:21,445] multiqc                                            [INFO   ]  Search path : /Users/qh_tan/qianhui/work/otkwnt_embryo/data/02_aligned/00_fastqc/O1_OE_2_2_fastqc.zip
[2023-10-05 12:27:21,446] multiqc                                            [INFO   ]  Search path : /Users/qh_tan/qianhui/work/otkwnt_embryo/data/02_aligned/00_fastqc/O2W4_KO_1_1_fastqc.zip
[2023-10-05 12:27:21,446] multiqc                                            [INFO   ]  Search path : /Users/qh_tan/qianhui/work/otkwnt_embryo/data/02_aligned/00_fastqc/O2W4_KO_1_2_fastqc.zip
[2023-10-05 12:27:21,446] multiqc                                            [INFO   ]  Search path : /Users/qh_tan/qianhui/work/otkwnt_embryo/data/02_aligned/00_fastqc/O2W4_KO_2_1_fastqc.zip
[2023-10-05 12:27:21,446] multiqc                                            [INFO   ]  Search path : /Users/qh_tan/qianhui/work/otkwnt_embryo/data/02_aligned/00_fastqc/O2W4_KO_2_2_fastqc.zip
[2023-10-05 12:27:21,446] multiqc                                            [INFO   ]  Search path : /Users/qh_tan/qianhui/work/otkwnt_embryo/data/02_aligned/00_fastqc/O2_KO_1_1_fastqc.zip
[2023-10-05 12:27:21,446] multiqc                                            [INFO   ]  Search path : /Users/qh_tan/qianhui/work/otkwnt_embryo/data/02_aligned/00_fastqc/O2_KO_1_2_fastqc.zip
[2023-10-05 12:27:21,446] multiqc                                            [INFO   ]  Search path : /Users/qh_tan/qianhui/work/otkwnt_embryo/data/02_aligned/00_fastqc/O2_KO_2_1_fastqc.zip
[2023-10-05 12:27:21,446] multiqc                                            [INFO   ]  Search path : /Users/qh_tan/qianhui/work/otkwnt_embryo/data/02_aligned/00_fastqc/O2_KO_2_2_fastqc.zip
[2023-10-05 12:27:21,446] multiqc                                            [INFO   ]  Search path : /Users/qh_tan/qianhui/work/otkwnt_embryo/data/02_aligned/00_fastqc/W4_KO_1_1_fastqc.zip
[2023-10-05 12:27:21,446] multiqc                                            [INFO   ]  Search path : /Users/qh_tan/qianhui/work/otkwnt_embryo/data/02_aligned/00_fastqc/W4_KO_1_2_fastqc.zip
[2023-10-05 12:27:21,447] multiqc                                            [INFO   ]  Search path : /Users/qh_tan/qianhui/work/otkwnt_embryo/data/02_aligned/00_fastqc/W4_KO_2_1_fastqc.zip
[2023-10-05 12:27:21,447] multiqc                                            [INFO   ]  Search path : /Users/qh_tan/qianhui/work/otkwnt_embryo/data/02_aligned/00_fastqc/W4_KO_2_2_fastqc.zip
[2023-10-05 12:27:21,447] multiqc                                            [INFO   ]  Search path : /Users/qh_tan/qianhui/work/otkwnt_embryo/data/02_aligned/00_fastqc/W4_OE_1_1_fastqc.zip
[2023-10-05 12:27:21,447] multiqc                                            [INFO   ]  Search path : /Users/qh_tan/qianhui/work/otkwnt_embryo/data/02_aligned/00_fastqc/W4_OE_1_2_fastqc.zip
[2023-10-05 12:27:21,447] multiqc                                            [INFO   ]  Search path : /Users/qh_tan/qianhui/work/otkwnt_embryo/data/02_aligned/00_fastqc/W4_OE_2_1_fastqc.zip
[2023-10-05 12:27:21,447] multiqc                                            [INFO   ]  Search path : /Users/qh_tan/qianhui/work/otkwnt_embryo/data/02_aligned/00_fastqc/W4_OE_2_2_fastqc.zip
[2023-10-05 12:27:21,447] multiqc                                            [INFO   ]  Search path : /Users/qh_tan/qianhui/work/otkwnt_embryo/data/02_aligned/01_STAR/Ctrl_1Log.final.out
[2023-10-05 12:27:21,447] multiqc                                            [INFO   ]  Search path : /Users/qh_tan/qianhui/work/otkwnt_embryo/data/02_aligned/01_STAR/Ctrl_2Log.final.out
[2023-10-05 12:27:21,447] multiqc                                            [INFO   ]  Search path : /Users/qh_tan/qianhui/work/otkwnt_embryo/data/02_aligned/01_STAR/O1O2_KO_1Log.final.out
[2023-10-05 12:27:21,447] multiqc                                            [INFO   ]  Search path : /Users/qh_tan/qianhui/work/otkwnt_embryo/data/02_aligned/01_STAR/O1O2_KO_2Log.final.out
[2023-10-05 12:27:21,447] multiqc                                            [INFO   ]  Search path : /Users/qh_tan/qianhui/work/otkwnt_embryo/data/02_aligned/01_STAR/O1W4_KO_1Log.final.out
[2023-10-05 12:27:21,448] multiqc                                            [INFO   ]  Search path : /Users/qh_tan/qianhui/work/otkwnt_embryo/data/02_aligned/01_STAR/O1W4_KO_2Log.final.out
[2023-10-05 12:27:21,448] multiqc                                            [INFO   ]  Search path : /Users/qh_tan/qianhui/work/otkwnt_embryo/data/02_aligned/01_STAR/O1W4_OE_1Log.final.out
[2023-10-05 12:27:21,448] multiqc                                            [INFO   ]  Search path : /Users/qh_tan/qianhui/work/otkwnt_embryo/data/02_aligned/01_STAR/O1W4_OE_2Log.final.out
[2023-10-05 12:27:21,448] multiqc                                            [INFO   ]  Search path : /Users/qh_tan/qianhui/work/otkwnt_embryo/data/02_aligned/01_STAR/O1_KO_1Log.final.out
[2023-10-05 12:27:21,448] multiqc                                            [INFO   ]  Search path : /Users/qh_tan/qianhui/work/otkwnt_embryo/data/02_aligned/01_STAR/O1_KO_2Log.final.out
[2023-10-05 12:27:21,448] multiqc                                            [INFO   ]  Search path : /Users/qh_tan/qianhui/work/otkwnt_embryo/data/02_aligned/01_STAR/O1_OE_1Log.final.out
[2023-10-05 12:27:21,448] multiqc                                            [INFO   ]  Search path : /Users/qh_tan/qianhui/work/otkwnt_embryo/data/02_aligned/01_STAR/O1_OE_2Log.final.out
[2023-10-05 12:27:21,448] multiqc                                            [INFO   ]  Search path : /Users/qh_tan/qianhui/work/otkwnt_embryo/data/02_aligned/01_STAR/O2W4_KO_1Log.final.out
[2023-10-05 12:27:21,448] multiqc                                            [INFO   ]  Search path : /Users/qh_tan/qianhui/work/otkwnt_embryo/data/02_aligned/01_STAR/O2W4_KO_2Log.final.out
[2023-10-05 12:27:21,448] multiqc                                            [INFO   ]  Search path : /Users/qh_tan/qianhui/work/otkwnt_embryo/data/02_aligned/01_STAR/O2_KO_1Log.final.out
[2023-10-05 12:27:21,449] multiqc                                            [INFO   ]  Search path : /Users/qh_tan/qianhui/work/otkwnt_embryo/data/02_aligned/01_STAR/O2_KO_2Log.final.out
[2023-10-05 12:27:21,449] multiqc                                            [INFO   ]  Search path : /Users/qh_tan/qianhui/work/otkwnt_embryo/data/02_aligned/01_STAR/W4_KO_1Log.final.out
[2023-10-05 12:27:21,449] multiqc                                            [INFO   ]  Search path : /Users/qh_tan/qianhui/work/otkwnt_embryo/data/02_aligned/01_STAR/W4_KO_2Log.final.out
[2023-10-05 12:27:21,449] multiqc                                            [INFO   ]  Search path : /Users/qh_tan/qianhui/work/otkwnt_embryo/data/02_aligned/01_STAR/W4_OE_1Log.final.out
[2023-10-05 12:27:21,449] multiqc                                            [INFO   ]  Search path : /Users/qh_tan/qianhui/work/otkwnt_embryo/data/02_aligned/01_STAR/W4_OE_2Log.final.out
[2023-10-05 12:27:21,449] multiqc                                            [INFO   ]  Search path : /Users/qh_tan/qianhui/work/otkwnt_embryo/data/02_aligned/02_RSEM
[2023-10-05 12:27:27,094] multiqc                                            [DEBUG  ]  Summary of files that were skipped by the search: [skipped_module_specific_max_filesize: 640] // [skipped_no_match: 62] // [skipped_ignore_pattern: 1]
[2023-10-05 12:27:27,280] multiqc.plots.bargraph                             [DEBUG  ]  Using matplotlib version 3.7.0
[2023-10-05 12:27:27,281] multiqc.plots.linegraph                            [DEBUG  ]  Using matplotlib version 3.7.0
[2023-10-05 12:27:27,281] multiqc                                            [DEBUG  ]  No samples found: custom_content
[2023-10-05 12:27:27,287] multiqc.modules.rsem.rsem                          [INFO   ]  Found 20 reports
[2023-10-05 12:27:28,427] multiqc.modules.star.star                          [INFO   ]  Found 20 reports
[2023-10-05 12:27:31,380] multiqc.modules.fastqc.fastqc                      [INFO   ]  Found 40 reports
[2023-10-05 12:27:35,102] multiqc                                            [INFO   ]  Compressing plot data
[2023-10-05 12:27:35,112] multiqc                                            [WARNING]  Deleting    : multiqc_report.html   (-f was specified)
[2023-10-05 12:27:35,112] multiqc                                            [WARNING]  Deleting    : multiqc_report_data   (-f was specified)
[2023-10-05 12:27:35,116] multiqc                                            [WARNING]  Deleting    : multiqc_report_plots   (-f was specified)
[2023-10-05 12:27:35,122] multiqc                                            [INFO   ]  Report      : multiqc_report.html
[2023-10-05 12:27:35,122] multiqc                                            [INFO   ]  Data        : multiqc_report_data
[2023-10-05 12:27:35,122] multiqc                                            [DEBUG  ]  Moving data file from '/var/folders/26/_c85yjr54yj9ss9hbygkdll00000gq/T/tmptk8w902p/multiqc_data' to '/Users/qh_tan/qianhui/work/otkwnt_embryo/data/02_aligned/03_multiqc/multiqc_report_data'
[2023-10-05 12:27:35,131] multiqc                                            [INFO   ]  Plots       : multiqc_report_plots
[2023-10-05 12:27:35,131] multiqc                                            [DEBUG  ]  Moving plots directory from '/var/folders/26/_c85yjr54yj9ss9hbygkdll00000gq/T/tmptk8w902p/multiqc_plots' to '/Users/qh_tan/qianhui/work/otkwnt_embryo/data/02_aligned/03_multiqc/multiqc_report_plots'
[2023-10-05 12:27:35,202] multiqc                                            [DEBUG  ]  Attempting Pandoc conversion to PDF with following command:
pandoc --standalone /Users/qh_tan/qianhui/work/otkwnt_embryo/data/02_aligned/03_multiqc/multiqc_report.html --output /Users/qh_tan/qianhui/work/otkwnt_embryo/data/02_aligned/03_multiqc/multiqc_report.pdf --pdf-engine=xelatex -V documentclass=article -V geometry=margin=1in -V title=
[2023-10-05 12:27:44,339] multiqc                                            [INFO   ]  PDF Report  : /Users/qh_tan/qianhui/work/otkwnt_embryo/data/02_aligned/03_multiqc/multiqc_report.pdf
[2023-10-05 12:27:44,339] multiqc                                            [INFO   ]  MultiQC complete
