                                 Started job on |	Feb 22 20:24:51
                             Started mapping on |	Feb 22 20:41:09
                                    Finished on |	Feb 22 21:04:39
       Mapping speed, Million of reads per hour |	109.92

                          Number of input reads |	43051589
                      Average input read length |	300
                                    UNIQUE READS:
                   Uniquely mapped reads number |	40984334
                        Uniquely mapped reads % |	95.20%
                          Average mapped length |	298.29
                       Number of splices: Total |	19557123
            Number of splices: Annotated (sjdb) |	19516378
                       Number of splices: GT/AG |	19336734
                       Number of splices: GC/AG |	145165
                       Number of splices: AT/AC |	8067
               Number of splices: Non-canonical |	67157
                      Mismatch rate per base, % |	0.47%
                         Deletion rate per base |	0.03%
                        Deletion average length |	2.20
                        Insertion rate per base |	0.02%
                       Insertion average length |	2.53
                             MULTI-MAPPING READS:
        Number of reads mapped to multiple loci |	763091
             % of reads mapped to multiple loci |	1.77%
        Number of reads mapped to too many loci |	132734
             % of reads mapped to too many loci |	0.31%
                                  UNMAPPED READS:
  Number of reads unmapped: too many mismatches |	0
       % of reads unmapped: too many mismatches |	0.00%
            Number of reads unmapped: too short |	1019989
                 % of reads unmapped: too short |	2.37%
                Number of reads unmapped: other |	151441
                     % of reads unmapped: other |	0.35%
                                  CHIMERIC READS:
                       Number of chimeric reads |	0
                            % of chimeric reads |	0.00%
