                                 Started job on |	Feb 22 21:04:46
                             Started mapping on |	Feb 22 21:19:01
                                    Finished on |	Feb 22 21:45:40
       Mapping speed, Million of reads per hour |	98.79

                          Number of input reads |	43877550
                      Average input read length |	300
                                    UNIQUE READS:
                   Uniquely mapped reads number |	42175877
                        Uniquely mapped reads % |	96.12%
                          Average mapped length |	298.57
                       Number of splices: Total |	20776228
            Number of splices: Annotated (sjdb) |	20737153
                       Number of splices: GT/AG |	20471495
                       Number of splices: GC/AG |	167950
                       Number of splices: AT/AC |	16687
               Number of splices: Non-canonical |	120096
                      Mismatch rate per base, % |	0.42%
                         Deletion rate per base |	0.03%
                        Deletion average length |	2.09
                        Insertion rate per base |	0.02%
                       Insertion average length |	2.40
                             MULTI-MAPPING READS:
        Number of reads mapped to multiple loci |	730188
             % of reads mapped to multiple loci |	1.66%
        Number of reads mapped to too many loci |	93393
             % of reads mapped to too many loci |	0.21%
                                  UNMAPPED READS:
  Number of reads unmapped: too many mismatches |	0
       % of reads unmapped: too many mismatches |	0.00%
            Number of reads unmapped: too short |	771816
                 % of reads unmapped: too short |	1.76%
                Number of reads unmapped: other |	106276
                     % of reads unmapped: other |	0.24%
                                  CHIMERIC READS:
                       Number of chimeric reads |	0
                            % of chimeric reads |	0.00%
