                                 Started job on |	Feb 22 21:45:46
                             Started mapping on |	Feb 22 22:00:50
                                    Finished on |	Feb 22 22:23:29
       Mapping speed, Million of reads per hour |	107.11

                          Number of input reads |	40435282
                      Average input read length |	300
                                    UNIQUE READS:
                   Uniquely mapped reads number |	38508040
                        Uniquely mapped reads % |	95.23%
                          Average mapped length |	298.32
                       Number of splices: Total |	18362993
            Number of splices: Annotated (sjdb) |	18321317
                       Number of splices: GT/AG |	18066728
                       Number of splices: GC/AG |	143455
                       Number of splices: AT/AC |	35715
               Number of splices: Non-canonical |	117095
                      Mismatch rate per base, % |	0.45%
                         Deletion rate per base |	0.03%
                        Deletion average length |	2.07
                        Insertion rate per base |	0.02%
                       Insertion average length |	2.44
                             MULTI-MAPPING READS:
        Number of reads mapped to multiple loci |	712494
             % of reads mapped to multiple loci |	1.76%
        Number of reads mapped to too many loci |	122383
             % of reads mapped to too many loci |	0.30%
                                  UNMAPPED READS:
  Number of reads unmapped: too many mismatches |	0
       % of reads unmapped: too many mismatches |	0.00%
            Number of reads unmapped: too short |	925276
                 % of reads unmapped: too short |	2.29%
                Number of reads unmapped: other |	167089
                     % of reads unmapped: other |	0.41%
                                  CHIMERIC READS:
                       Number of chimeric reads |	0
                            % of chimeric reads |	0.00%
