                                 Started job on |	Feb 22 22:23:36
                             Started mapping on |	Feb 22 22:39:37
                                    Finished on |	Feb 22 23:03:13
       Mapping speed, Million of reads per hour |	107.60

                          Number of input reads |	42320757
                      Average input read length |	300
                                    UNIQUE READS:
                   Uniquely mapped reads number |	40462578
                        Uniquely mapped reads % |	95.61%
                          Average mapped length |	298.46
                       Number of splices: Total |	19642335
            Number of splices: Annotated (sjdb) |	19598006
                       Number of splices: GT/AG |	19357185
                       Number of splices: GC/AG |	156697
                       Number of splices: AT/AC |	7981
               Number of splices: Non-canonical |	120472
                      Mismatch rate per base, % |	0.42%
                         Deletion rate per base |	0.03%
                        Deletion average length |	2.12
                        Insertion rate per base |	0.02%
                       Insertion average length |	2.51
                             MULTI-MAPPING READS:
        Number of reads mapped to multiple loci |	674688
             % of reads mapped to multiple loci |	1.59%
        Number of reads mapped to too many loci |	101450
             % of reads mapped to too many loci |	0.24%
                                  UNMAPPED READS:
  Number of reads unmapped: too many mismatches |	0
       % of reads unmapped: too many mismatches |	0.00%
            Number of reads unmapped: too short |	940074
                 % of reads unmapped: too short |	2.22%
                Number of reads unmapped: other |	141967
                     % of reads unmapped: other |	0.34%
                                  CHIMERIC READS:
                       Number of chimeric reads |	0
                            % of chimeric reads |	0.00%
