                                 Started job on |	Feb 22 23:03:21
                             Started mapping on |	Feb 22 23:17:43
                                    Finished on |	Feb 22 23:38:31
       Mapping speed, Million of reads per hour |	122.99

                          Number of input reads |	42635552
                      Average input read length |	300
                                    UNIQUE READS:
                   Uniquely mapped reads number |	40866914
                        Uniquely mapped reads % |	95.85%
                          Average mapped length |	298.66
                       Number of splices: Total |	19699775
            Number of splices: Annotated (sjdb) |	19656819
                       Number of splices: GT/AG |	19474148
                       Number of splices: GC/AG |	152029
                       Number of splices: AT/AC |	7829
               Number of splices: Non-canonical |	65769
                      Mismatch rate per base, % |	0.42%
                         Deletion rate per base |	0.03%
                        Deletion average length |	2.08
                        Insertion rate per base |	0.02%
                       Insertion average length |	2.41
                             MULTI-MAPPING READS:
        Number of reads mapped to multiple loci |	757234
             % of reads mapped to multiple loci |	1.78%
        Number of reads mapped to too many loci |	138949
             % of reads mapped to too many loci |	0.33%
                                  UNMAPPED READS:
  Number of reads unmapped: too many mismatches |	0
       % of reads unmapped: too many mismatches |	0.00%
            Number of reads unmapped: too short |	694103
                 % of reads unmapped: too short |	1.63%
                Number of reads unmapped: other |	178352
                     % of reads unmapped: other |	0.42%
                                  CHIMERIC READS:
                       Number of chimeric reads |	0
                            % of chimeric reads |	0.00%
