                                 Started job on |	Feb 22 23:38:38
                             Started mapping on |	Feb 22 23:54:18
                                    Finished on |	Feb 23 00:16:41
       Mapping speed, Million of reads per hour |	112.09

                          Number of input reads |	41814125
                      Average input read length |	300
                                    UNIQUE READS:
                   Uniquely mapped reads number |	39758550
                        Uniquely mapped reads % |	95.08%
                          Average mapped length |	298.20
                       Number of splices: Total |	19247311
            Number of splices: Annotated (sjdb) |	19208243
                       Number of splices: GT/AG |	19019104
                       Number of splices: GC/AG |	154100
                       Number of splices: AT/AC |	15067
               Number of splices: Non-canonical |	59040
                      Mismatch rate per base, % |	0.45%
                         Deletion rate per base |	0.03%
                        Deletion average length |	2.13
                        Insertion rate per base |	0.02%
                       Insertion average length |	2.46
                             MULTI-MAPPING READS:
        Number of reads mapped to multiple loci |	698631
             % of reads mapped to multiple loci |	1.67%
        Number of reads mapped to too many loci |	117117
             % of reads mapped to too many loci |	0.28%
                                  UNMAPPED READS:
  Number of reads unmapped: too many mismatches |	0
       % of reads unmapped: too many mismatches |	0.00%
            Number of reads unmapped: too short |	1088203
                 % of reads unmapped: too short |	2.60%
                Number of reads unmapped: other |	151624
                     % of reads unmapped: other |	0.36%
                                  CHIMERIC READS:
                       Number of chimeric reads |	0
                            % of chimeric reads |	0.00%
