                                 Started job on |	Feb 23 00:16:49
                             Started mapping on |	Feb 23 00:30:22
                                    Finished on |	Feb 23 00:49:50
       Mapping speed, Million of reads per hour |	125.87

                          Number of input reads |	40836334
                      Average input read length |	300
                                    UNIQUE READS:
                   Uniquely mapped reads number |	39192516
                        Uniquely mapped reads % |	95.97%
                          Average mapped length |	298.58
                       Number of splices: Total |	18898813
            Number of splices: Annotated (sjdb) |	18861178
                       Number of splices: GT/AG |	18688936
                       Number of splices: GC/AG |	138106
                       Number of splices: AT/AC |	7231
               Number of splices: Non-canonical |	64540
                      Mismatch rate per base, % |	0.42%
                         Deletion rate per base |	0.03%
                        Deletion average length |	2.11
                        Insertion rate per base |	0.02%
                       Insertion average length |	2.47
                             MULTI-MAPPING READS:
        Number of reads mapped to multiple loci |	720698
             % of reads mapped to multiple loci |	1.76%
        Number of reads mapped to too many loci |	95720
             % of reads mapped to too many loci |	0.23%
                                  UNMAPPED READS:
  Number of reads unmapped: too many mismatches |	0
       % of reads unmapped: too many mismatches |	0.00%
            Number of reads unmapped: too short |	705389
                 % of reads unmapped: too short |	1.73%
                Number of reads unmapped: other |	122011
                     % of reads unmapped: other |	0.30%
                                  CHIMERIC READS:
                       Number of chimeric reads |	0
                            % of chimeric reads |	0.00%
