                                 Started job on |	Feb 23 00:49:57
                             Started mapping on |	Feb 23 01:01:59
                                    Finished on |	Feb 23 01:20:32
       Mapping speed, Million of reads per hour |	133.09

                          Number of input reads |	41147078
                      Average input read length |	300
                                    UNIQUE READS:
                   Uniquely mapped reads number |	39557420
                        Uniquely mapped reads % |	96.14%
                          Average mapped length |	298.65
                       Number of splices: Total |	19658966
            Number of splices: Annotated (sjdb) |	19621687
                       Number of splices: GT/AG |	19399909
                       Number of splices: GC/AG |	150491
                       Number of splices: AT/AC |	6890
               Number of splices: Non-canonical |	101676
                      Mismatch rate per base, % |	0.39%
                         Deletion rate per base |	0.03%
                        Deletion average length |	2.10
                        Insertion rate per base |	0.02%
                       Insertion average length |	2.37
                             MULTI-MAPPING READS:
        Number of reads mapped to multiple loci |	674939
             % of reads mapped to multiple loci |	1.64%
        Number of reads mapped to too many loci |	93564
             % of reads mapped to too many loci |	0.23%
                                  UNMAPPED READS:
  Number of reads unmapped: too many mismatches |	0
       % of reads unmapped: too many mismatches |	0.00%
            Number of reads unmapped: too short |	689714
                 % of reads unmapped: too short |	1.68%
                Number of reads unmapped: other |	131441
                     % of reads unmapped: other |	0.32%
                                  CHIMERIC READS:
                       Number of chimeric reads |	0
                            % of chimeric reads |	0.00%
