                                 Started job on |	Feb 23 11:45:43
                             Started mapping on |	Feb 23 12:04:40
                                    Finished on |	Feb 23 12:30:12
       Mapping speed, Million of reads per hour |	111.41

                          Number of input reads |	47409128
                      Average input read length |	300
                                    UNIQUE READS:
                   Uniquely mapped reads number |	45343697
                        Uniquely mapped reads % |	95.64%
                          Average mapped length |	298.47
                       Number of splices: Total |	22934137
            Number of splices: Annotated (sjdb) |	22884536
                       Number of splices: GT/AG |	22629945
                       Number of splices: GC/AG |	171858
                       Number of splices: AT/AC |	8883
               Number of splices: Non-canonical |	123451
                      Mismatch rate per base, % |	0.42%
                         Deletion rate per base |	0.03%
                        Deletion average length |	2.09
                        Insertion rate per base |	0.02%
                       Insertion average length |	2.44
                             MULTI-MAPPING READS:
        Number of reads mapped to multiple loci |	787268
             % of reads mapped to multiple loci |	1.66%
        Number of reads mapped to too many loci |	116778
             % of reads mapped to too many loci |	0.25%
                                  UNMAPPED READS:
  Number of reads unmapped: too many mismatches |	0
       % of reads unmapped: too many mismatches |	0.00%
            Number of reads unmapped: too short |	1006859
                 % of reads unmapped: too short |	2.12%
                Number of reads unmapped: other |	154526
                     % of reads unmapped: other |	0.33%
                                  CHIMERIC READS:
                       Number of chimeric reads |	0
                            % of chimeric reads |	0.00%
