                                 Started job on |	Feb 23 11:11:13
                             Started mapping on |	Feb 23 11:25:04
                                    Finished on |	Feb 23 11:45:36
       Mapping speed, Million of reads per hour |	118.38

                          Number of input reads |	40510879
                      Average input read length |	300
                                    UNIQUE READS:
                   Uniquely mapped reads number |	38606827
                        Uniquely mapped reads % |	95.30%
                          Average mapped length |	298.39
                       Number of splices: Total |	18599570
            Number of splices: Annotated (sjdb) |	18557919
                       Number of splices: GT/AG |	18384282
                       Number of splices: GC/AG |	141086
                       Number of splices: AT/AC |	7858
               Number of splices: Non-canonical |	66344
                      Mismatch rate per base, % |	0.42%
                         Deletion rate per base |	0.03%
                        Deletion average length |	2.08
                        Insertion rate per base |	0.02%
                       Insertion average length |	2.51
                             MULTI-MAPPING READS:
        Number of reads mapped to multiple loci |	703579
             % of reads mapped to multiple loci |	1.74%
        Number of reads mapped to too many loci |	122219
             % of reads mapped to too many loci |	0.30%
                                  UNMAPPED READS:
  Number of reads unmapped: too many mismatches |	0
       % of reads unmapped: too many mismatches |	0.00%
            Number of reads unmapped: too short |	922448
                 % of reads unmapped: too short |	2.28%
                Number of reads unmapped: other |	155806
                     % of reads unmapped: other |	0.38%
                                  CHIMERIC READS:
                       Number of chimeric reads |	0
                            % of chimeric reads |	0.00%
