                                 Started job on |	Feb 23 06:03:56
                             Started mapping on |	Feb 23 06:21:36
                                    Finished on |	Feb 23 06:47:39
       Mapping speed, Million of reads per hour |	106.35

                          Number of input reads |	46174128
                      Average input read length |	300
                                    UNIQUE READS:
                   Uniquely mapped reads number |	44057947
                        Uniquely mapped reads % |	95.42%
                          Average mapped length |	298.49
                       Number of splices: Total |	22105720
            Number of splices: Annotated (sjdb) |	22058795
                       Number of splices: GT/AG |	21806257
                       Number of splices: GC/AG |	166690
                       Number of splices: AT/AC |	8391
               Number of splices: Non-canonical |	124382
                      Mismatch rate per base, % |	0.43%
                         Deletion rate per base |	0.03%
                        Deletion average length |	2.05
                        Insertion rate per base |	0.02%
                       Insertion average length |	2.33
                             MULTI-MAPPING READS:
        Number of reads mapped to multiple loci |	833392
             % of reads mapped to multiple loci |	1.80%
        Number of reads mapped to too many loci |	126099
             % of reads mapped to too many loci |	0.27%
                                  UNMAPPED READS:
  Number of reads unmapped: too many mismatches |	0
       % of reads unmapped: too many mismatches |	0.00%
            Number of reads unmapped: too short |	983422
                 % of reads unmapped: too short |	2.13%
                Number of reads unmapped: other |	173268
                     % of reads unmapped: other |	0.38%
                                  CHIMERIC READS:
                       Number of chimeric reads |	0
                            % of chimeric reads |	0.00%
