                                 Started job on |	Feb 23 06:47:47
                             Started mapping on |	Feb 23 07:02:42
                                    Finished on |	Feb 23 07:24:49
       Mapping speed, Million of reads per hour |	113.33

                          Number of input reads |	41772931
                      Average input read length |	300
                                    UNIQUE READS:
                   Uniquely mapped reads number |	39920032
                        Uniquely mapped reads % |	95.56%
                          Average mapped length |	298.49
                       Number of splices: Total |	19152480
            Number of splices: Annotated (sjdb) |	19111871
                       Number of splices: GT/AG |	18871790
                       Number of splices: GC/AG |	148409
                       Number of splices: AT/AC |	7283
               Number of splices: Non-canonical |	124998
                      Mismatch rate per base, % |	0.44%
                         Deletion rate per base |	0.03%
                        Deletion average length |	2.05
                        Insertion rate per base |	0.02%
                       Insertion average length |	2.41
                             MULTI-MAPPING READS:
        Number of reads mapped to multiple loci |	749972
             % of reads mapped to multiple loci |	1.80%
        Number of reads mapped to too many loci |	122149
             % of reads mapped to too many loci |	0.29%
                                  UNMAPPED READS:
  Number of reads unmapped: too many mismatches |	0
       % of reads unmapped: too many mismatches |	0.00%
            Number of reads unmapped: too short |	840228
                 % of reads unmapped: too short |	2.01%
                Number of reads unmapped: other |	140550
                     % of reads unmapped: other |	0.34%
                                  CHIMERIC READS:
                       Number of chimeric reads |	0
                            % of chimeric reads |	0.00%
