                                 Started job on |	Feb 23 13:31:33
                             Started mapping on |	Feb 23 13:47:22
                                    Finished on |	Feb 23 14:10:34
       Mapping speed, Million of reads per hour |	109.99

                          Number of input reads |	42530012
                      Average input read length |	300
                                    UNIQUE READS:
                   Uniquely mapped reads number |	40659679
                        Uniquely mapped reads % |	95.60%
                          Average mapped length |	298.51
                       Number of splices: Total |	19891771
            Number of splices: Annotated (sjdb) |	19848386
                       Number of splices: GT/AG |	19664617
                       Number of splices: GC/AG |	155475
                       Number of splices: AT/AC |	7083
               Number of splices: Non-canonical |	64596
                      Mismatch rate per base, % |	0.44%
                         Deletion rate per base |	0.03%
                        Deletion average length |	2.05
                        Insertion rate per base |	0.02%
                       Insertion average length |	2.37
                             MULTI-MAPPING READS:
        Number of reads mapped to multiple loci |	767447
             % of reads mapped to multiple loci |	1.80%
        Number of reads mapped to too many loci |	121434
             % of reads mapped to too many loci |	0.29%
                                  UNMAPPED READS:
  Number of reads unmapped: too many mismatches |	0
       % of reads unmapped: too many mismatches |	0.00%
            Number of reads unmapped: too short |	839210
                 % of reads unmapped: too short |	1.97%
                Number of reads unmapped: other |	142242
                     % of reads unmapped: other |	0.33%
                                  CHIMERIC READS:
                       Number of chimeric reads |	0
                            % of chimeric reads |	0.00%
