                                 Started job on |	Feb 24 15:29:12
                             Started mapping on |	Feb 24 15:43:36
                                    Finished on |	Feb 24 16:04:17
       Mapping speed, Million of reads per hour |	120.20

                          Number of input reads |	41437331
                      Average input read length |	300
                                    UNIQUE READS:
                   Uniquely mapped reads number |	39768359
                        Uniquely mapped reads % |	95.97%
                          Average mapped length |	298.66
                       Number of splices: Total |	19262971
            Number of splices: Annotated (sjdb) |	19223018
                       Number of splices: GT/AG |	19039019
                       Number of splices: GC/AG |	151986
                       Number of splices: AT/AC |	7011
               Number of splices: Non-canonical |	64955
                      Mismatch rate per base, % |	0.41%
                         Deletion rate per base |	0.03%
                        Deletion average length |	2.04
                        Insertion rate per base |	0.02%
                       Insertion average length |	2.42
                             MULTI-MAPPING READS:
        Number of reads mapped to multiple loci |	724348
             % of reads mapped to multiple loci |	1.75%
        Number of reads mapped to too many loci |	94899
             % of reads mapped to too many loci |	0.23%
                                  UNMAPPED READS:
  Number of reads unmapped: too many mismatches |	0
       % of reads unmapped: too many mismatches |	0.00%
            Number of reads unmapped: too short |	702255
                 % of reads unmapped: too short |	1.69%
                Number of reads unmapped: other |	147470
                     % of reads unmapped: other |	0.36%
                                  CHIMERIC READS:
                       Number of chimeric reads |	0
                            % of chimeric reads |	0.00%
