                                 Started job on |	Feb 23 08:46:55
                             Started mapping on |	Feb 23 09:01:05
                                    Finished on |	Feb 23 09:21:56
       Mapping speed, Million of reads per hour |	114.92

                          Number of input reads |	39933567
                      Average input read length |	300
                                    UNIQUE READS:
                   Uniquely mapped reads number |	38035630
                        Uniquely mapped reads % |	95.25%
                          Average mapped length |	298.46
                       Number of splices: Total |	18251113
            Number of splices: Annotated (sjdb) |	18205654
                       Number of splices: GT/AG |	17971301
                       Number of splices: GC/AG |	143705
                       Number of splices: AT/AC |	6914
               Number of splices: Non-canonical |	129193
                      Mismatch rate per base, % |	0.43%
                         Deletion rate per base |	0.03%
                        Deletion average length |	1.93
                        Insertion rate per base |	0.02%
                       Insertion average length |	2.42
                             MULTI-MAPPING READS:
        Number of reads mapped to multiple loci |	774983
             % of reads mapped to multiple loci |	1.94%
        Number of reads mapped to too many loci |	145370
             % of reads mapped to too many loci |	0.36%
                                  UNMAPPED READS:
  Number of reads unmapped: too many mismatches |	0
       % of reads unmapped: too many mismatches |	0.00%
            Number of reads unmapped: too short |	802309
                 % of reads unmapped: too short |	2.01%
                Number of reads unmapped: other |	175275
                     % of reads unmapped: other |	0.44%
                                  CHIMERIC READS:
                       Number of chimeric reads |	0
                            % of chimeric reads |	0.00%
