                                 Started job on |	Feb 23 07:24:56
                             Started mapping on |	Feb 23 07:41:09
                                    Finished on |	Feb 23 08:05:32
       Mapping speed, Million of reads per hour |	121.17

                          Number of input reads |	49242943
                      Average input read length |	300
                                    UNIQUE READS:
                   Uniquely mapped reads number |	47189167
                        Uniquely mapped reads % |	95.83%
                          Average mapped length |	298.51
                       Number of splices: Total |	23520002
            Number of splices: Annotated (sjdb) |	23468943
                       Number of splices: GT/AG |	23191321
                       Number of splices: GC/AG |	181594
                       Number of splices: AT/AC |	17220
               Number of splices: Non-canonical |	129867
                      Mismatch rate per base, % |	0.41%
                         Deletion rate per base |	0.03%
                        Deletion average length |	2.09
                        Insertion rate per base |	0.02%
                       Insertion average length |	2.46
                             MULTI-MAPPING READS:
        Number of reads mapped to multiple loci |	827966
             % of reads mapped to multiple loci |	1.68%
        Number of reads mapped to too many loci |	109106
             % of reads mapped to too many loci |	0.22%
                                  UNMAPPED READS:
  Number of reads unmapped: too many mismatches |	0
       % of reads unmapped: too many mismatches |	0.00%
            Number of reads unmapped: too short |	969337
                 % of reads unmapped: too short |	1.97%
                Number of reads unmapped: other |	147367
                     % of reads unmapped: other |	0.30%
                                  CHIMERIC READS:
                       Number of chimeric reads |	0
                            % of chimeric reads |	0.00%
