                                 Started job on |	Feb 23 08:05:41
                             Started mapping on |	Feb 23 08:22:04
                                    Finished on |	Feb 23 08:46:47
       Mapping speed, Million of reads per hour |	118.26

                          Number of input reads |	48717640
                      Average input read length |	300
                                    UNIQUE READS:
                   Uniquely mapped reads number |	46665038
                        Uniquely mapped reads % |	95.79%
                          Average mapped length |	298.46
                       Number of splices: Total |	23022891
            Number of splices: Annotated (sjdb) |	22968305
                       Number of splices: GT/AG |	22713004
                       Number of splices: GC/AG |	176878
                       Number of splices: AT/AC |	8242
               Number of splices: Non-canonical |	124767
                      Mismatch rate per base, % |	0.43%
                         Deletion rate per base |	0.03%
                        Deletion average length |	2.09
                        Insertion rate per base |	0.02%
                       Insertion average length |	2.48
                             MULTI-MAPPING READS:
        Number of reads mapped to multiple loci |	849861
             % of reads mapped to multiple loci |	1.74%
        Number of reads mapped to too many loci |	110113
             % of reads mapped to too many loci |	0.23%
                                  UNMAPPED READS:
  Number of reads unmapped: too many mismatches |	0
       % of reads unmapped: too many mismatches |	0.00%
            Number of reads unmapped: too short |	958482
                 % of reads unmapped: too short |	1.97%
                Number of reads unmapped: other |	134146
                     % of reads unmapped: other |	0.28%
                                  CHIMERIC READS:
                       Number of chimeric reads |	0
                            % of chimeric reads |	0.00%
