                                 Started job on |	Feb 23 02:33:48
                             Started mapping on |	Feb 23 02:47:43
                                    Finished on |	Feb 23 03:08:53
       Mapping speed, Million of reads per hour |	120.51

                          Number of input reads |	42514133
                      Average input read length |	300
                                    UNIQUE READS:
                   Uniquely mapped reads number |	40744852
                        Uniquely mapped reads % |	95.84%
                          Average mapped length |	298.63
                       Number of splices: Total |	19556042
            Number of splices: Annotated (sjdb) |	19511442
                       Number of splices: GT/AG |	19328272
                       Number of splices: GC/AG |	153785
                       Number of splices: AT/AC |	11836
               Number of splices: Non-canonical |	62149
                      Mismatch rate per base, % |	0.41%
                         Deletion rate per base |	0.03%
                        Deletion average length |	2.01
                        Insertion rate per base |	0.02%
                       Insertion average length |	2.44
                             MULTI-MAPPING READS:
        Number of reads mapped to multiple loci |	736443
             % of reads mapped to multiple loci |	1.73%
        Number of reads mapped to too many loci |	134073
             % of reads mapped to too many loci |	0.32%
                                  UNMAPPED READS:
  Number of reads unmapped: too many mismatches |	0
       % of reads unmapped: too many mismatches |	0.00%
            Number of reads unmapped: too short |	745493
                 % of reads unmapped: too short |	1.75%
                Number of reads unmapped: other |	153272
                     % of reads unmapped: other |	0.36%
                                  CHIMERIC READS:
                       Number of chimeric reads |	0
                            % of chimeric reads |	0.00%
