                                 Started job on |	Feb 23 03:08:59
                             Started mapping on |	Feb 23 03:23:28
                                    Finished on |	Feb 23 03:44:42
       Mapping speed, Million of reads per hour |	119.27

                          Number of input reads |	42207260
                      Average input read length |	300
                                    UNIQUE READS:
                   Uniquely mapped reads number |	40167706
                        Uniquely mapped reads % |	95.17%
                          Average mapped length |	298.37
                       Number of splices: Total |	19087090
            Number of splices: Annotated (sjdb) |	19046050
                       Number of splices: GT/AG |	18864160
                       Number of splices: GC/AG |	152109
                       Number of splices: AT/AC |	6633
               Number of splices: Non-canonical |	64188
                      Mismatch rate per base, % |	0.42%
                         Deletion rate per base |	0.03%
                        Deletion average length |	1.98
                        Insertion rate per base |	0.02%
                       Insertion average length |	2.48
                             MULTI-MAPPING READS:
        Number of reads mapped to multiple loci |	769024
             % of reads mapped to multiple loci |	1.82%
        Number of reads mapped to too many loci |	149016
             % of reads mapped to too many loci |	0.35%
                                  UNMAPPED READS:
  Number of reads unmapped: too many mismatches |	0
       % of reads unmapped: too many mismatches |	0.00%
            Number of reads unmapped: too short |	987996
                 % of reads unmapped: too short |	2.34%
                Number of reads unmapped: other |	133518
                     % of reads unmapped: other |	0.32%
                                  CHIMERIC READS:
                       Number of chimeric reads |	0
                            % of chimeric reads |	0.00%
