                                 Started job on |	Feb 23 04:19:20
                             Started mapping on |	Feb 23 04:33:06
                                    Finished on |	Feb 23 04:53:15
       Mapping speed, Million of reads per hour |	119.49

                          Number of input reads |	40129774
                      Average input read length |	300
                                    UNIQUE READS:
                   Uniquely mapped reads number |	38322939
                        Uniquely mapped reads % |	95.50%
                          Average mapped length |	298.53
                       Number of splices: Total |	18148520
            Number of splices: Annotated (sjdb) |	18110879
                       Number of splices: GT/AG |	17932747
                       Number of splices: GC/AG |	145594
                       Number of splices: AT/AC |	10831
               Number of splices: Non-canonical |	59348
                      Mismatch rate per base, % |	0.43%
                         Deletion rate per base |	0.03%
                        Deletion average length |	2.13
                        Insertion rate per base |	0.02%
                       Insertion average length |	2.39
                             MULTI-MAPPING READS:
        Number of reads mapped to multiple loci |	698252
             % of reads mapped to multiple loci |	1.74%
        Number of reads mapped to too many loci |	136317
             % of reads mapped to too many loci |	0.34%
                                  UNMAPPED READS:
  Number of reads unmapped: too many mismatches |	0
       % of reads unmapped: too many mismatches |	0.00%
            Number of reads unmapped: too short |	796160
                 % of reads unmapped: too short |	1.98%
                Number of reads unmapped: other |	176106
                     % of reads unmapped: other |	0.44%
                                  CHIMERIC READS:
                       Number of chimeric reads |	0
                            % of chimeric reads |	0.00%
